19:37:18:154 [main] INFO  testcases.TC_01_Account_Registration - ****************Starting TC_01_Account_Registration test******************
19:37:18:174 [main] INFO  testcases.TC_01_Account_Registration - *******Clicking on Myaccount*********
19:37:18:346 [main] INFO  testcases.TC_01_Account_Registration - *******Clicking on Register*********
19:37:19:324 [main] INFO  testcases.TC_01_Account_Registration - *******Entering Customer Details*********
19:37:22:290 [main] INFO  testcases.TC_01_Account_Registration - ********Validating expected message*********
19:37:22:407 [main] INFO  testcases.TC_01_Account_Registration - ****************Completed TC_01_Account_Registration test******************
20:16:00:712 [main] INFO  testcases.TC_01_Account_Registration - ****************Starting TC_01_Account_Registration test******************
20:16:00:761 [main] INFO  testcases.TC_01_Account_Registration - *******Clicking on Myaccount*********
20:16:00:960 [main] INFO  testcases.TC_01_Account_Registration - *******Clicking on Register*********
20:16:01:856 [main] INFO  testcases.TC_01_Account_Registration - *******Entering Customer Details*********
20:16:04:716 [main] INFO  testcases.TC_01_Account_Registration - ********Validating expected message*********
20:16:04:787 [main] INFO  testcases.TC_01_Account_Registration - ****************Completed TC_01_Account_Registration test******************
20:19:35:417 [main] INFO  testcases.TC_01_Account_Registration - ****************Starting TC_01_Account_Registration test******************
20:19:35:444 [main] INFO  testcases.TC_01_Account_Registration - *******Clicking on Myaccount*********
20:19:35:738 [main] INFO  testcases.TC_01_Account_Registration - *******Clicking on Register*********
20:19:36:515 [main] INFO  testcases.TC_01_Account_Registration - *******Entering Customer Details*********
20:19:38:235 [main] INFO  testcases.TC_01_Account_Registration - ********Validating expected message*********
20:19:38:336 [main] INFO  testcases.TC_01_Account_Registration - ****************Completed TC_01_Account_Registration test******************
20:19:58:626 [main] INFO  testcases.TC_01_Account_Registration - ****************Starting TC_01_Account_Registration test******************
20:19:58:674 [main] INFO  testcases.TC_01_Account_Registration - *******Clicking on Myaccount*********
20:19:59:009 [main] INFO  testcases.TC_01_Account_Registration - *******Clicking on Register*********
20:19:59:817 [main] INFO  testcases.TC_01_Account_Registration - *******Entering Customer Details*********
20:20:01:723 [main] INFO  testcases.TC_01_Account_Registration - ********Validating expected message*********
20:20:01:773 [main] INFO  testcases.TC_01_Account_Registration - ****************Completed TC_01_Account_Registration test******************
20:25:18:828 [TestNG-tests-1] INFO  testcases.TC_01_Account_Registration - ****************Starting TC_01_Account_Registration test******************
20:25:18:870 [TestNG-tests-1] INFO  testcases.TC_01_Account_Registration - *******Clicking on Myaccount*********
20:25:19:143 [TestNG-tests-1] INFO  testcases.TC_01_Account_Registration - *******Clicking on Register*********
20:25:21:167 [TestNG-tests-1] INFO  testcases.TC_01_Account_Registration - *******Entering Customer Details*********
20:25:24:197 [TestNG-tests-1] INFO  testcases.TC_01_Account_Registration - ********Validating expected message*********
20:25:24:265 [TestNG-tests-1] INFO  testcases.TC_01_Account_Registration - ****************Completed TC_01_Account_Registration test******************
20:25:27:090 [TestNG-tests-3] INFO  testcases.TC_01_Account_Registration - ****************Starting TC_01_Account_Registration test******************
20:25:27:093 [TestNG-tests-3] INFO  testcases.TC_01_Account_Registration - *******Clicking on Myaccount*********
20:25:27:425 [TestNG-tests-3] INFO  testcases.TC_01_Account_Registration - *******Clicking on Register*********
20:25:29:223 [TestNG-tests-3] INFO  testcases.TC_01_Account_Registration - *******Entering Customer Details*********
20:25:31:629 [TestNG-tests-3] INFO  testcases.TC_01_Account_Registration - ********Validating expected message*********
20:25:31:701 [TestNG-tests-3] INFO  testcases.TC_01_Account_Registration - ****************Completed TC_01_Account_Registration test******************
20:25:41:000 [TestNG-tests-2] INFO  testcases.TC_01_Account_Registration - ****************Starting TC_01_Account_Registration test******************
20:25:41:001 [TestNG-tests-2] INFO  testcases.TC_01_Account_Registration - *******Clicking on Myaccount*********
20:25:41:146 [TestNG-tests-2] INFO  testcases.TC_01_Account_Registration - *******Clicking on Register*********
20:25:42:029 [TestNG-tests-2] INFO  testcases.TC_01_Account_Registration - *******Entering Customer Details*********
20:25:44:554 [TestNG-tests-2] INFO  testcases.TC_01_Account_Registration - ********Validating expected message*********
20:25:44:612 [TestNG-tests-2] INFO  testcases.TC_01_Account_Registration - ****************Completed TC_01_Account_Registration test******************
