12:07:11:735 [main] INFO  testcases.TC_01_Account_Registration - ****************Starting TC_01_Account_Registration test******************
12:07:11:811 [main] INFO  testcases.TC_01_Account_Registration - *******Clicking on Myaccount*********
12:07:11:990 [main] INFO  testcases.TC_01_Account_Registration - *******Clicking on Register*********
12:07:12:798 [main] INFO  testcases.TC_01_Account_Registration - *******Entering Customer Details*********
12:07:15:509 [main] INFO  testcases.TC_01_Account_Registration - ********Validating expected message*********
12:07:15:607 [main] INFO  testcases.TC_01_Account_Registration - ****************Completed TC_01_Account_Registration test******************
13:07:35:436 [main] INFO  testcases.TC_01_Account_Registration - ****************Starting TC_01_Account_Registration test******************
13:07:35:512 [main] INFO  testcases.TC_01_Account_Registration - *******Clicking on Myaccount*********
13:07:35:723 [main] INFO  testcases.TC_01_Account_Registration - *******Clicking on Register*********
13:07:36:580 [main] INFO  testcases.TC_01_Account_Registration - *******Entering Customer Details*********
13:07:39:906 [main] INFO  testcases.TC_01_Account_Registration - ********Validating expected message*********
13:07:40:055 [main] INFO  testcases.TC_01_Account_Registration - ****************Completed TC_01_Account_Registration test******************
13:07:45:234 [main] INFO  testcases.TC_02_Login - *********Starting TC_02_Login test***********
13:07:46:007 [main] INFO  testcases.TC_02_Login - *******Entering customer login details*******
13:07:47:455 [main] INFO  testcases.TC_02_Login - *********Completed TC_02_Login test***********
20:08:00:765 [main] INFO  testcases.TC_01_Account_Registration - ****************Starting TC_01_Account_Registration test******************
20:08:00:879 [main] INFO  testcases.TC_01_Account_Registration - *******Clicking on Myaccount*********
20:08:01:185 [main] INFO  testcases.TC_01_Account_Registration - *******Clicking on Register*********
20:08:03:825 [main] INFO  testcases.TC_01_Account_Registration - *******Entering Customer Details*********
20:08:06:758 [main] INFO  testcases.TC_01_Account_Registration - ********Validating expected message*********
20:08:06:833 [main] INFO  testcases.TC_01_Account_Registration - ****************Completed TC_01_Account_Registration test******************
20:08:23:767 [main] INFO  testcases.TC_02_Login - *********Starting TC_02_Login test***********
20:08:24:617 [main] INFO  testcases.TC_02_Login - *******Entering customer login details*******
20:08:26:403 [main] INFO  testcases.TC_02_Login - *********Completed TC_02_Login test***********
20:42:39:710 [main] INFO  testcases.TC_02_Login - *********Starting TC_02_Login test***********
20:42:40:396 [main] INFO  testcases.TC_02_Login - *******Entering customer login details*******
20:42:41:859 [main] INFO  testcases.TC_02_Login - *********Completed TC_02_Login test***********
19:27:19:015 [main] INFO  testcases.TC_01_Account_Registration - ****************Starting TC_01_Account_Registration test******************
19:27:19:060 [main] INFO  testcases.TC_01_Account_Registration - *******Clicking on Myaccount*********
19:27:19:188 [main] INFO  testcases.TC_01_Account_Registration - *******Clicking on Register*********
19:27:19:813 [main] INFO  testcases.TC_01_Account_Registration - *******Entering Customer Details*********
19:27:21:706 [main] INFO  testcases.TC_01_Account_Registration - ********Validating expected message*********
19:27:21:769 [main] INFO  testcases.TC_01_Account_Registration - ****************Completed TC_01_Account_Registration test******************
19:29:31:878 [main] INFO  testcases.TC_01_Account_Registration - ****************Starting TC_01_Account_Registration test******************
19:29:31:897 [main] INFO  testcases.TC_01_Account_Registration - *******Clicking on Myaccount*********
19:29:32:029 [main] INFO  testcases.TC_01_Account_Registration - *******Clicking on Register*********
19:29:32:610 [main] INFO  testcases.TC_01_Account_Registration - *******Entering Customer Details*********
19:29:34:448 [main] INFO  testcases.TC_01_Account_Registration - ********Validating expected message*********
19:29:34:492 [main] INFO  testcases.TC_01_Account_Registration - ****************Completed TC_01_Account_Registration test******************
19:30:37:116 [main] INFO  testcases.TC_02_Login - *********Starting TC_02_Login test***********
19:30:37:744 [main] INFO  testcases.TC_02_Login - *******Entering customer login details*******
19:30:38:853 [main] INFO  testcases.TC_02_Login - *********Completed TC_02_Login test***********
19:33:50:956 [main] INFO  testcases.TC_01_Account_Registration - ****************Starting TC_01_Account_Registration test******************
19:33:50:971 [main] INFO  testcases.TC_01_Account_Registration - *******Clicking on Myaccount*********
19:33:51:096 [main] INFO  testcases.TC_01_Account_Registration - *******Clicking on Register*********
